<?xml version="1.0" encoding="UTF-8"?>
<!-- Generated by org.testng.reporters.JUnitReportReporter -->
<testsuite hostname="NODE124" name="com.selenium.project.tests.RoadanFieldTest" tests="1" failures="0" timestamp="2 Nov 2016 08:44:17 GMT" time="24.573" errors="0">
  <testcase name="testRoadan1" time="24.573" classname="com.selenium.project.tests.RoadanFieldTest"/>
</testsuite> <!-- com.selenium.project.tests.RoadanFieldTest -->
